2020-12-09 21:25:40,921 - Log4JLogChute initialized using file 'velocity.log'
2020-12-09 21:25:40,922 - Initializing Velocity, Calling init()...
2020-12-09 21:25:40,922 - Starting Apache Velocity v1.7 (compiled: 2010-11-19 12:14:37)
2020-12-09 21:25:40,922 - Default Properties File: org\apache\velocity\runtime\defaults\velocity.properties
2020-12-09 21:25:40,922 - Trying to use logger class org.apache.velocity.runtime.log.AvalonLogChute
2020-12-09 21:25:40,922 - Target log system for org.apache.velocity.runtime.log.AvalonLogChute is not available (java.lang.NoClassDefFoundError: org/apache/log/format/Formatter).  Falling back to next log system...
2020-12-09 21:25:40,922 - Trying to use logger class org.apache.velocity.runtime.log.Log4JLogChute
2020-12-09 21:25:40,922 - Using logger class org.apache.velocity.runtime.log.Log4JLogChute
2020-12-09 21:25:40,926 - ResourceLoader instantiated: org.apache.velocity.runtime.resource.loader.ClasspathResourceLoader
2020-12-09 21:25:40,937 - ResourceCache: initialized (class org.apache.velocity.runtime.resource.ResourceCacheImpl) with class java.util.Collections$SynchronizedMap cache map.
2020-12-09 21:25:40,938 - Loaded System Directive: org.apache.velocity.runtime.directive.Stop
2020-12-09 21:25:40,939 - Loaded System Directive: org.apache.velocity.runtime.directive.Define
2020-12-09 21:25:40,939 - Loaded System Directive: org.apache.velocity.runtime.directive.Break
2020-12-09 21:25:40,940 - Loaded System Directive: org.apache.velocity.runtime.directive.Evaluate
2020-12-09 21:25:40,940 - Loaded System Directive: org.apache.velocity.runtime.directive.Literal
2020-12-09 21:25:40,941 - Loaded System Directive: org.apache.velocity.runtime.directive.Macro
2020-12-09 21:25:40,941 - Loaded System Directive: org.apache.velocity.runtime.directive.Parse
2020-12-09 21:25:40,942 - Loaded System Directive: org.apache.velocity.runtime.directive.Include
2020-12-09 21:25:40,943 - Loaded System Directive: org.apache.velocity.runtime.directive.Foreach
2020-12-09 21:25:40,963 - Created '20' parsers.
2020-12-09 21:25:40,967 - Velocimacro : "velocimacro.library" is not set.  Trying default library: VM_global_library.vm
2020-12-09 21:25:40,968 - Could not load resource 'VM_global_library.vm' from ResourceLoader org.apache.velocity.runtime.resource.loader.ClasspathResourceLoader: ClasspathResourceLoader Error: cannot find resource VM_global_library.vm
2020-12-09 21:25:40,968 - Velocimacro : Default library not found.
2020-12-09 21:25:40,968 - Velocimacro : allowInline = true : VMs can be defined inline in templates
2020-12-09 21:25:40,968 - Velocimacro : allowInlineToOverride = false : VMs defined inline may NOT replace previous VM definitions
2020-12-09 21:25:40,968 - Velocimacro : allowInlineLocal = false : VMs defined inline will be global in scope if allowed.
2020-12-09 21:25:40,968 - Velocimacro : autoload off : VM system will not automatically reload global library macros
2020-12-09 21:25:40,981 - ResourceManager : found /templates/mapper.xml.vm with loader org.apache.velocity.runtime.resource.loader.ClasspathResourceLoader
2020-12-09 21:25:41,002 - ResourceManager : found /templates/entity.java.vm with loader org.apache.velocity.runtime.resource.loader.ClasspathResourceLoader
2020-12-09 21:25:41,007 - ResourceManager : found /templates/mapper.java.vm with loader org.apache.velocity.runtime.resource.loader.ClasspathResourceLoader
2020-12-09 21:25:41,010 - ResourceManager : found /templates/mapper.xml.vm with loader org.apache.velocity.runtime.resource.loader.ClasspathResourceLoader
2020-12-09 21:25:41,013 - ResourceManager : found /templates/service.java.vm with loader org.apache.velocity.runtime.resource.loader.ClasspathResourceLoader
2020-12-09 21:25:41,015 - ResourceManager : found /templates/serviceImpl.java.vm with loader org.apache.velocity.runtime.resource.loader.ClasspathResourceLoader
2020-12-09 21:25:41,017 - ResourceManager : found /templates/controller.java.vm with loader org.apache.velocity.runtime.resource.loader.ClasspathResourceLoader
2020-12-09 21:28:53,114 - Log4JLogChute initialized using file 'velocity.log'
2020-12-09 21:28:53,114 - Initializing Velocity, Calling init()...
2020-12-09 21:28:53,114 - Starting Apache Velocity v1.7 (compiled: 2010-11-19 12:14:37)
2020-12-09 21:28:53,114 - Default Properties File: org\apache\velocity\runtime\defaults\velocity.properties
2020-12-09 21:28:53,114 - Trying to use logger class org.apache.velocity.runtime.log.AvalonLogChute
2020-12-09 21:28:53,114 - Target log system for org.apache.velocity.runtime.log.AvalonLogChute is not available (java.lang.NoClassDefFoundError: org/apache/log/format/Formatter).  Falling back to next log system...
2020-12-09 21:28:53,114 - Trying to use logger class org.apache.velocity.runtime.log.Log4JLogChute
2020-12-09 21:28:53,114 - Using logger class org.apache.velocity.runtime.log.Log4JLogChute
2020-12-09 21:28:53,130 - ResourceLoader instantiated: org.apache.velocity.runtime.resource.loader.ClasspathResourceLoader
2020-12-09 21:28:53,140 - ResourceCache: initialized (class org.apache.velocity.runtime.resource.ResourceCacheImpl) with class java.util.Collections$SynchronizedMap cache map.
2020-12-09 21:28:53,141 - Loaded System Directive: org.apache.velocity.runtime.directive.Stop
2020-12-09 21:28:53,142 - Loaded System Directive: org.apache.velocity.runtime.directive.Define
2020-12-09 21:28:53,142 - Loaded System Directive: org.apache.velocity.runtime.directive.Break
2020-12-09 21:28:53,143 - Loaded System Directive: org.apache.velocity.runtime.directive.Evaluate
2020-12-09 21:28:53,144 - Loaded System Directive: org.apache.velocity.runtime.directive.Literal
2020-12-09 21:28:53,144 - Loaded System Directive: org.apache.velocity.runtime.directive.Macro
2020-12-09 21:28:53,146 - Loaded System Directive: org.apache.velocity.runtime.directive.Parse
2020-12-09 21:28:53,147 - Loaded System Directive: org.apache.velocity.runtime.directive.Include
2020-12-09 21:28:53,148 - Loaded System Directive: org.apache.velocity.runtime.directive.Foreach
2020-12-09 21:28:53,169 - Created '20' parsers.
2020-12-09 21:28:53,173 - Velocimacro : "velocimacro.library" is not set.  Trying default library: VM_global_library.vm
2020-12-09 21:28:53,173 - Could not load resource 'VM_global_library.vm' from ResourceLoader org.apache.velocity.runtime.resource.loader.ClasspathResourceLoader: ClasspathResourceLoader Error: cannot find resource VM_global_library.vm
2020-12-09 21:28:53,173 - Velocimacro : Default library not found.
2020-12-09 21:28:53,173 - Velocimacro : allowInline = true : VMs can be defined inline in templates
2020-12-09 21:28:53,173 - Velocimacro : allowInlineToOverride = false : VMs defined inline may NOT replace previous VM definitions
2020-12-09 21:28:53,174 - Velocimacro : allowInlineLocal = false : VMs defined inline will be global in scope if allowed.
2020-12-09 21:28:53,174 - Velocimacro : autoload off : VM system will not automatically reload global library macros
2020-12-09 21:28:53,185 - ResourceManager : found /templates/mapper.xml.vm with loader org.apache.velocity.runtime.resource.loader.ClasspathResourceLoader
2020-12-09 21:29:24,938 - Log4JLogChute initialized using file 'velocity.log'
2020-12-09 21:29:24,939 - Initializing Velocity, Calling init()...
2020-12-09 21:29:24,939 - Starting Apache Velocity v1.7 (compiled: 2010-11-19 12:14:37)
2020-12-09 21:29:24,939 - Default Properties File: org\apache\velocity\runtime\defaults\velocity.properties
2020-12-09 21:29:24,939 - Trying to use logger class org.apache.velocity.runtime.log.AvalonLogChute
2020-12-09 21:29:24,939 - Target log system for org.apache.velocity.runtime.log.AvalonLogChute is not available (java.lang.NoClassDefFoundError: org/apache/log/format/Formatter).  Falling back to next log system...
2020-12-09 21:29:24,939 - Trying to use logger class org.apache.velocity.runtime.log.Log4JLogChute
2020-12-09 21:29:24,939 - Using logger class org.apache.velocity.runtime.log.Log4JLogChute
2020-12-09 21:29:24,941 - ResourceLoader instantiated: org.apache.velocity.runtime.resource.loader.ClasspathResourceLoader
2020-12-09 21:29:24,949 - ResourceCache: initialized (class org.apache.velocity.runtime.resource.ResourceCacheImpl) with class java.util.Collections$SynchronizedMap cache map.
2020-12-09 21:29:24,950 - Loaded System Directive: org.apache.velocity.runtime.directive.Stop
2020-12-09 21:29:24,950 - Loaded System Directive: org.apache.velocity.runtime.directive.Define
2020-12-09 21:29:24,951 - Loaded System Directive: org.apache.velocity.runtime.directive.Break
2020-12-09 21:29:24,951 - Loaded System Directive: org.apache.velocity.runtime.directive.Evaluate
2020-12-09 21:29:24,951 - Loaded System Directive: org.apache.velocity.runtime.directive.Literal
2020-12-09 21:29:24,952 - Loaded System Directive: org.apache.velocity.runtime.directive.Macro
2020-12-09 21:29:24,953 - Loaded System Directive: org.apache.velocity.runtime.directive.Parse
2020-12-09 21:29:24,953 - Loaded System Directive: org.apache.velocity.runtime.directive.Include
2020-12-09 21:29:24,954 - Loaded System Directive: org.apache.velocity.runtime.directive.Foreach
2020-12-09 21:29:24,972 - Created '20' parsers.
2020-12-09 21:29:24,975 - Velocimacro : "velocimacro.library" is not set.  Trying default library: VM_global_library.vm
2020-12-09 21:29:24,976 - Could not load resource 'VM_global_library.vm' from ResourceLoader org.apache.velocity.runtime.resource.loader.ClasspathResourceLoader: ClasspathResourceLoader Error: cannot find resource VM_global_library.vm
2020-12-09 21:29:24,976 - Velocimacro : Default library not found.
2020-12-09 21:29:24,976 - Velocimacro : allowInline = true : VMs can be defined inline in templates
2020-12-09 21:29:24,976 - Velocimacro : allowInlineToOverride = false : VMs defined inline may NOT replace previous VM definitions
2020-12-09 21:29:24,976 - Velocimacro : allowInlineLocal = false : VMs defined inline will be global in scope if allowed.
2020-12-09 21:29:24,976 - Velocimacro : autoload off : VM system will not automatically reload global library macros
2020-12-09 21:29:24,986 - ResourceManager : found /templates/mapper.xml.vm with loader org.apache.velocity.runtime.resource.loader.ClasspathResourceLoader
